ISim log file
Running: /home/alexm/Desktop/pipeMult/testPipe_isim_beh.exe -intstyle ise -gui -tclbatch isim.cmd -wdb /home/alexm/Desktop/pipeMult/testPipe_isim_beh.wdb 
ISim P.20131013 (signature 0xfbc00daa)
WARNING: A WEBPACK license was found.
WARNING: Please use Xilinx License Configuration Manager to check out a full ISim license.
WARNING: ISim will run in Lite mode. Please refer to the ISim documentation for more information on the differences between the Lite and the Full version.
This is a Lite version of ISim.
Time resolution is 1 ps
# onerror resume
# wave add /
# run 1000 ns
Simulator is doing circuit initialization process.
res = 00000000000000000000000000000000
Finished circuit initialization process.
res = xxxxxxxxxxxxxxxxxxxxxxxxxxxxxxxx
res = 00000000000000000000000000000000
res = 11000011001010110000000000000000
res = 01000100110110111101101100000000
res = 00111111100000000000000000000000
res = 10111111100000000000000000000000
# exit 0
