ISim log file
Running: D:\IDEA2\test_main_isim_beh.exe -intstyle ise -gui -tclbatch isim.cmd -wdb D:/IDEA2/test_main_isim_beh.wdb 
ISim P.20131013 (signature 0x7708f090)
----------------------------------------------------------------------
INFO:Security:61 - The XILINXD_LICENSE_FILE environment variable is not set.
INFO:Security:63 - The LM_LICENSE_FILE environment variable is not set.
INFO:Security:68 - For more information or for assistance in obtaining 
 a license, please run the Xilinx License Configuration Manager
       (xlcm or "Manage Xilinx Licenses".)
INFO:Security:68a - user is Apex, on host BIEST.
INFO:Security:15a - A feature for ISIM was found but is for an older version.
ERROR:Security:14 - No feature was available for 'ISIM'.

License file does not support this version.
Feature:       ISIM
Application version > License version: 2013.10 > 2011.06
License path:  C:/.Xilinx\xilinx13suite.lic;D:\Xilinx\14.7\ISE_DS\ISE\/coregen/core_licenses\Xilinx.lic;D:\Xilinx\14.7\ISE_DS\ISE\/coregen/core_licenses\XilinxFree.lic;D:\Xilinx\14.7\ISE_DS\EDK/data/core_licenses\Xilinx.lic;
FLEXnet Licensing error:-21,126
For further information, refer to the FLEXnet Licensing documentation,
available at "www.flexerasoftware.com".
----------------------------------------------------------------------
WARNING: A full ISim License cannot be checked out due to the issues listed above. Please use Xilinx License Configuration Manager to fix these issues in order to check out a full ISim license.
WARNING: ISim will run in Lite mode. Please refer to the ISim documentation for more information on the differences between the Lite and the Full version.
This is a Lite version of ISim.
WARNING:  For instance uut/r1/, width 1 of formal port swap is not equal to width 32 of actual constant.
WARNING:  For instance uut/r2/, width 1 of formal port swap is not equal to width 32 of actual constant.
WARNING:  For instance uut/r3/, width 1 of formal port swap is not equal to width 32 of actual constant.
WARNING:  For instance uut/r4/, width 1 of formal port swap is not equal to width 32 of actual constant.
WARNING:  For instance uut/r5/, width 1 of formal port swap is not equal to width 32 of actual constant.
WARNING:  For instance uut/r6/, width 1 of formal port swap is not equal to width 32 of actual constant.
WARNING:  For instance uut/r7/, width 1 of formal port swap is not equal to width 32 of actual constant.
WARNING:  For instance uut/r8/, width 1 of formal port swap is not equal to width 32 of actual constant.
WARNING:  For instance uut/rfinal/, width 1 of formal port swap is not equal to width 32 of actual constant.
Time resolution is 1 ps
# onerror resume
# wave add /
# run 1000 ns
Simulator is doing circuit initialization process.
xxxx xxxx xxxx xxxx xxxx xxxx

xxxx xxxx xxxx xxxx xxxx xxxx

xxxx xxxx xxxx xxxx xxxx xxxx

xxxx xxxx xxxx xxxx xxxx xxxx

xxxx xxxx xxxx xxxx xxxx xxxx

xxxx xxxx xxxx xxxx xxxx xxxx

xxxx xxxx xxxx xxxx xxxx xxxx

xxxx xxxx xxxx xxxx xxxx xxxx

xxxx xxxx xxxx xxxx xxxx xxxx

xxxx xxxx xxxx xxxx xxxx xxxx

Finished circuit initialization process.
7040 ef0c 8abe c0f9 0000 0000

2077 8645 5f60 7cf7 cd56 6000

3bc3 22af b03e 7be6 d3a8 0eb8

e191 57d8 ab30 0069 d407 5c10

1f3d f355 9800 34ea 03ae 081d

9ef9 aacc 001a 7501 d704 0ef0

7cd5 6600 0d3a 80eb c8ab ec0f

6ab3 0006 8207 7864 55f6 07cf

9d40 75c1 03bc 322a fb03 e7be

6ab3 0006 8207 7864 55f6 07cf

7cd5 6600 0d3a 80eb c8ab ec0f

9ef9 aacc 001a 7501 d704 0ef0

1f3d f355 9800 34ea 03ae 081d

e191 57d8 ab30 0069 d407 5c10

3bc3 22af b03e 7be6 d3a8 0eb8

2077 8645 5f60 7cf7 cd56 6000

7040 ef0c 8abe c0f9 0000 0000

ISim P.20131013 (signature 0x7708f090)
----------------------------------------------------------------------
INFO:Security:61 - The XILINXD_LICENSE_FILE environment variable is not set.
INFO:Security:63 - The LM_LICENSE_FILE environment variable is not set.
INFO:Security:68 - For more information or for assistance in obtaining 
 a license, please run the Xilinx License Configuration Manager
       (xlcm or "Manage Xilinx Licenses".)
INFO:Security:68a - user is Apex, on host BIEST.
INFO:Security:15a - A feature for ISIM was found but is for an older version.
ERROR:Security:14 - No feature was available for 'ISIM'.

License file does not support this version.
Feature:       ISIM
Application version > License version: 2013.10 > 2011.06
License path:  C:/.Xilinx\xilinx13suite.lic;D:\Xilinx\14.7\ISE_DS\ISE\/coregen/core_licenses\Xilinx.lic;D:\Xilinx\14.7\ISE_DS\ISE\/coregen/core_licenses\XilinxFree.lic;D:\Xilinx\14.7\ISE_DS\EDK/data/core_licenses\Xilinx.lic;
FLEXnet Licensing error:-21,126
For further information, refer to the FLEXnet Licensing documentation,
available at "www.flexerasoftware.com".
----------------------------------------------------------------------
WARNING: A full ISim License cannot be checked out due to the issues listed above. Please use Xilinx License Configuration Manager to fix these issues in order to check out a full ISim license.
WARNING: ISim will run in Lite mode. Please refer to the ISim documentation for more information on the differences between the Lite and the Full version.
This is a Lite version of ISim.
WARNING:  For instance uut/r1/, width 1 of formal port swap is not equal to width 32 of actual constant.
WARNING:  For instance uut/r2/, width 1 of formal port swap is not equal to width 32 of actual constant.
WARNING:  For instance uut/r3/, width 1 of formal port swap is not equal to width 32 of actual constant.
WARNING:  For instance uut/r4/, width 1 of formal port swap is not equal to width 32 of actual constant.
WARNING:  For instance uut/r5/, width 1 of formal port swap is not equal to width 32 of actual constant.
WARNING:  For instance uut/r6/, width 1 of formal port swap is not equal to width 32 of actual constant.
WARNING:  For instance uut/r7/, width 1 of formal port swap is not equal to width 32 of actual constant.
WARNING:  For instance uut/r8/, width 1 of formal port swap is not equal to width 32 of actual constant.
WARNING:  For instance uut/rfinal/, width 1 of formal port swap is not equal to width 32 of actual constant.
# run 1000 ns
Simulator is doing circuit initialization process.
xxxx xxxx xxxx xxxx xxxx xxxx

xxxx xxxx xxxx xxxx xxxx xxxx

xxxx xxxx xxxx xxxx xxxx xxxx

xxxx xxxx xxxx xxxx xxxx xxxx

xxxx xxxx xxxx xxxx xxxx xxxx

xxxx xxxx xxxx xxxx xxxx xxxx

xxxx xxxx xxxx xxxx xxxx xxxx

xxxx xxxx xxxx xxxx xxxx xxxx

xxxx xxxx xxxx xxxx xxxx xxxx

xxxx xxxx xxxx xxxx xxxx xxxx

Finished circuit initialization process.
7040 ef0c 8abe c0f9 0000 0000

2077 8645 5f60 7cf7 cd56 6000

3bc3 22af b03e 7be6 d3a8 0eb8

e191 57d8 ab30 0069 d407 5c10

1f3d f355 9800 34ea 03ae 081d

9ef9 aacc 001a 7501 d704 0ef0

7cd5 6600 0d3a 80eb c8ab ec0f

6ab3 0006 8207 7864 55f6 07cf

9d40 75c1 03bc 322a fb03 e7be

6ab3 0006 8207 7864 55f6 07cf

7cd5 6600 0d3a 80eb c8ab ec0f

9ef9 aacc 001a 7501 d704 0ef0

1f3d f355 9800 34ea 03ae 081d

e191 57d8 ab30 0069 d407 5c10

3bc3 22af b03e 7be6 d3a8 0eb8

2077 8645 5f60 7cf7 cd56 6000

7040 ef0c 8abe c0f9 0000 0000

9d40 75c1 03bc 322a fb03 e7be

53d6 8a3f fc44 82fe 0000 0000

c76a 7df9 fffa ca12 fb03 e7be

d9d5 f2c6 9a00 bd69 55f6 07cf

d5e2 ffe6 5534 8faa c8ab ec0f

1eab 6800 0cab f0d4 d704 0ef0

6cd9 54d0 a828 5a36 03ae 081d

a502 4fc2 dd51 1939 d407 5c10

7ce8 a0a0 79bb d2e5 d3a8 0eb8

0ad3 10f4 7542 0108 cd56 6000

7ce8 a0a0 79bb d2e5 d3a8 0eb8

a502 4fc2 dd51 1939 d407 5c10

6cd9 54d0 a828 5a36 03ae 081d

1eab 6800 0cab f0d4 d704 0ef0

d5e2 ffe6 5534 8faa c8ab ec0f

d9d5 f2c6 9a00 bd69 55f6 07cf

c76a 7df9 fffa ca12 fb03 e7be

53d6 8a3f fc44 82fe 0000 0000

a502 4fc2 dd51 1939 d407 5c10

6cd9 54d0 a828 5a36 03ae 081d

1eab 6800 0cab f0d4 d704 0ef0

d5e2 ffe6 5534 8faa c8ab ec0f

d9d5 f2c6 9a00 bd69 55f6 07cf

c76a 7df9 fffa ca12 fb03 e7be

53d6 8a3f fc44 82fe 0000 0000

6cd9 54d0 a828 5a36 03ae 081d

1eab 6800 0cab f0d4 d704 0ef0

d5e2 ffe6 5534 8faa c8ab ec0f

d9d5 f2c6 9a00 bd69 55f6 07cf

c76a 7df9 fffa ca12 fb03 e7be

53d6 8a3f fc44 82fe 0000 0000

1eab 6800 0cab f0d4 d704 0ef0

d5e2 ffe6 5534 8faa c8ab ec0f

d9d5 f2c6 9a00 bd69 55f6 07cf

c76a 7df9 fffa ca12 fb03 e7be

53d6 8a3f fc44 82fe 0000 0000

d5e2 ffe6 5534 8faa c8ab ec0f

d9d5 f2c6 9a00 bd69 55f6 07cf

c76a 7df9 fffa ca12 fb03 e7be

53d6 8a3f fc44 82fe 0000 0000

d9d5 f2c6 9a00 bd69 55f6 07cf

c76a 7df9 fffa ca12 fb03 e7be

53d6 8a3f fc44 82fe 0000 0000

c76a 7df9 fffa ca12 fb03 e7be

53d6 8a3f fc44 82fe 0000 0000

53d6 8a3f fc44 82fe 0000 0000

ISim P.20131013 (signature 0x7708f090)
----------------------------------------------------------------------
INFO:Security:61 - The XILINXD_LICENSE_FILE environment variable is not set.
INFO:Security:63 - The LM_LICENSE_FILE environment variable is not set.
INFO:Security:68 - For more information or for assistance in obtaining 
 a license, please run the Xilinx License Configuration Manager
       (xlcm or "Manage Xilinx Licenses".)
INFO:Security:68a - user is Apex, on host BIEST.
INFO:Security:15a - A feature for ISIM was found but is for an older version.
ERROR:Security:14 - No feature was available for 'ISIM'.

License file does not support this version.
Feature:       ISIM
Application version > License version: 2013.10 > 2011.06
License path:  C:/.Xilinx\xilinx13suite.lic;D:\Xilinx\14.7\ISE_DS\ISE\/coregen/core_licenses\Xilinx.lic;D:\Xilinx\14.7\ISE_DS\ISE\/coregen/core_licenses\XilinxFree.lic;D:\Xilinx\14.7\ISE_DS\EDK/data/core_licenses\Xilinx.lic;
FLEXnet Licensing error:-21,126
For further information, refer to the FLEXnet Licensing documentation,
available at "www.flexerasoftware.com".
----------------------------------------------------------------------
WARNING: A full ISim License cannot be checked out due to the issues listed above. Please use Xilinx License Configuration Manager to fix these issues in order to check out a full ISim license.
WARNING: ISim will run in Lite mode. Please refer to the ISim documentation for more information on the differences between the Lite and the Full version.
This is a Lite version of ISim.
WARNING:  For instance uut/r1/, width 1 of formal port swap is not equal to width 32 of actual constant.
WARNING:  For instance uut/r2/, width 1 of formal port swap is not equal to width 32 of actual constant.
WARNING:  For instance uut/r3/, width 1 of formal port swap is not equal to width 32 of actual constant.
WARNING:  For instance uut/r4/, width 1 of formal port swap is not equal to width 32 of actual constant.
WARNING:  For instance uut/r5/, width 1 of formal port swap is not equal to width 32 of actual constant.
WARNING:  For instance uut/r6/, width 1 of formal port swap is not equal to width 32 of actual constant.
WARNING:  For instance uut/r7/, width 1 of formal port swap is not equal to width 32 of actual constant.
WARNING:  For instance uut/r8/, width 1 of formal port swap is not equal to width 32 of actual constant.
WARNING:  For instance uut/rfinal/, width 1 of formal port swap is not equal to width 32 of actual constant.
# run 1000 ns
Simulator is doing circuit initialization process.
xxxx xxxx xxxx xxxx xxxx xxxx

xxxx xxxx xxxx xxxx xxxx xxxx

xxxx xxxx xxxx xxxx xxxx xxxx

xxxx xxxx xxxx xxxx xxxx xxxx

xxxx xxxx xxxx xxxx xxxx xxxx

xxxx xxxx xxxx xxxx xxxx xxxx

xxxx xxxx xxxx xxxx xxxx xxxx

xxxx xxxx xxxx xxxx xxxx xxxx

xxxx xxxx xxxx xxxx xxxx xxxx

xxxx xxxx xxxx xxxx xxxx xxxx

Finished circuit initialization process.
7040 ef0c 8abe c0f9 0000 0000

2077 8645 5f60 7cf7 cd56 6000

3bc3 22af b03e 7be6 d3a8 0eb8

e191 57d8 ab30 0069 d407 5c10

1f3d f355 9800 34ea 03ae 081d

9ef9 aacc 001a 7501 d704 0ef0

7cd5 6600 0d3a 80eb c8ab ec0f

6ab3 0006 8207 7864 55f6 07cf

9d40 75c1 03bc 322a fb03 e7be

6ab3 0006 8207 7864 55f6 07cf

7cd5 6600 0d3a 80eb c8ab ec0f

9ef9 aacc 001a 7501 d704 0ef0

1f3d f355 9800 34ea 03ae 081d

e191 57d8 ab30 0069 d407 5c10

3bc3 22af b03e 7be6 d3a8 0eb8

2077 8645 5f60 7cf7 cd56 6000

7040 ef0c 8abe c0f9 0000 0000

9d40 75c1 03bc 322a fb03 e7be

53d6 8a3f fc44 82fe 0000 0000

c76a 7df9 fffa ca12 fb03 e7be

d9d5 f2c6 9a00 bd69 55f6 07cf

d5e2 ffe6 5534 8faa c8ab ec0f

1eab 6800 0cab f0d4 d704 0ef0

6cd9 54d0 a828 5a36 03ae 081d

a502 4fc2 dd51 1939 d407 5c10

7ce8 a0a0 79bb d2e5 d3a8 0eb8

0ad3 10f4 7542 0108 cd56 6000

7ce8 a0a0 79bb d2e5 d3a8 0eb8

a502 4fc2 dd51 1939 d407 5c10

6cd9 54d0 a828 5a36 03ae 081d

1eab 6800 0cab f0d4 d704 0ef0

d5e2 ffe6 5534 8faa c8ab ec0f

d9d5 f2c6 9a00 bd69 55f6 07cf

c76a 7df9 fffa ca12 fb03 e7be

53d6 8a3f fc44 82fe 0000 0000

a502 4fc2 dd51 1939 d407 5c10

6cd9 54d0 a828 5a36 03ae 081d

1eab 6800 0cab f0d4 d704 0ef0

d5e2 ffe6 5534 8faa c8ab ec0f

d9d5 f2c6 9a00 bd69 55f6 07cf

c76a 7df9 fffa ca12 fb03 e7be

53d6 8a3f fc44 82fe 0000 0000

6cd9 54d0 a828 5a36 03ae 081d

1eab 6800 0cab f0d4 d704 0ef0

d5e2 ffe6 5534 8faa c8ab ec0f

d9d5 f2c6 9a00 bd69 55f6 07cf

c76a 7df9 fffa ca12 fb03 e7be

53d6 8a3f fc44 82fe 0000 0000

1eab 6800 0cab f0d4 d704 0ef0

d5e2 ffe6 5534 8faa c8ab ec0f

d9d5 f2c6 9a00 bd69 55f6 07cf

c76a 7df9 fffa ca12 fb03 e7be

53d6 8a3f fc44 82fe 0000 0000

d5e2 ffe6 5534 8faa c8ab ec0f

d9d5 f2c6 9a00 bd69 55f6 07cf

c76a 7df9 fffa ca12 fb03 e7be

53d6 8a3f fc44 82fe 0000 0000

d9d5 f2c6 9a00 bd69 55f6 07cf

c76a 7df9 fffa ca12 fb03 e7be

53d6 8a3f fc44 82fe 0000 0000

c76a 7df9 fffa ca12 fb03 e7be

53d6 8a3f fc44 82fe 0000 0000

53d6 8a3f fc44 82fe 0000 0000

ISim P.20131013 (signature 0x7708f090)
----------------------------------------------------------------------
INFO:Security:61 - The XILINXD_LICENSE_FILE environment variable is not set.
INFO:Security:63 - The LM_LICENSE_FILE environment variable is not set.
INFO:Security:68 - For more information or for assistance in obtaining 
 a license, please run the Xilinx License Configuration Manager
       (xlcm or "Manage Xilinx Licenses".)
INFO:Security:68a - user is Apex, on host BIEST.
INFO:Security:15a - A feature for ISIM was found but is for an older version.
ERROR:Security:14 - No feature was available for 'ISIM'.

License file does not support this version.
Feature:       ISIM
Application version > License version: 2013.10 > 2011.06
License path:  C:/.Xilinx\xilinx13suite.lic;D:\Xilinx\14.7\ISE_DS\ISE\/coregen/core_licenses\Xilinx.lic;D:\Xilinx\14.7\ISE_DS\ISE\/coregen/core_licenses\XilinxFree.lic;D:\Xilinx\14.7\ISE_DS\EDK/data/core_licenses\Xilinx.lic;
FLEXnet Licensing error:-21,126
For further information, refer to the FLEXnet Licensing documentation,
available at "www.flexerasoftware.com".
----------------------------------------------------------------------
WARNING: A full ISim License cannot be checked out due to the issues listed above. Please use Xilinx License Configuration Manager to fix these issues in order to check out a full ISim license.
WARNING: ISim will run in Lite mode. Please refer to the ISim documentation for more information on the differences between the Lite and the Full version.
This is a Lite version of ISim.
WARNING:  For instance uut/r1/, width 1 of formal port swap is not equal to width 32 of actual constant.
WARNING:  For instance uut/r2/, width 1 of formal port swap is not equal to width 32 of actual constant.
WARNING:  For instance uut/r3/, width 1 of formal port swap is not equal to width 32 of actual constant.
WARNING:  For instance uut/r4/, width 1 of formal port swap is not equal to width 32 of actual constant.
WARNING:  For instance uut/r5/, width 1 of formal port swap is not equal to width 32 of actual constant.
WARNING:  For instance uut/r6/, width 1 of formal port swap is not equal to width 32 of actual constant.
WARNING:  For instance uut/r7/, width 1 of formal port swap is not equal to width 32 of actual constant.
WARNING:  For instance uut/r8/, width 1 of formal port swap is not equal to width 32 of actual constant.
WARNING:  For instance uut/rfinal/, width 1 of formal port swap is not equal to width 32 of actual constant.
# run 1000 ns
Simulator is doing circuit initialization process.
xxxx xxxx xxxx xxxx xxxx xxxx

xxxx xxxx xxxx xxxx xxxx xxxx

xxxx xxxx xxxx xxxx xxxx xxxx

xxxx xxxx xxxx xxxx xxxx xxxx

xxxx xxxx xxxx xxxx xxxx xxxx

xxxx xxxx xxxx xxxx xxxx xxxx

xxxx xxxx xxxx xxxx xxxx xxxx

xxxx xxxx xxxx xxxx xxxx xxxx

xxxx xxxx xxxx xxxx xxxx xxxx

xxxx xxxx xxxx xxxx xxxx xxxx

Finished circuit initialization process.
7040 ef0c 8abe c0f9 0000 0000

2077 8645 5f60 7cf7 cd56 6000

3bc3 22af b03e 7be6 d3a8 0eb8

e191 57d8 ab30 0069 d407 5c10

1f3d f355 9800 34ea 03ae 081d

9ef9 aacc 001a 7501 d704 0ef0

7cd5 6600 0d3a 80eb c8ab ec0f

6ab3 0006 8207 7864 55f6 07cf

9d40 75c1 03bc 322a fb03 e7be

6ab3 0006 8207 7864 55f6 07cf

7cd5 6600 0d3a 80eb c8ab ec0f

9ef9 aacc 001a 7501 d704 0ef0

1f3d f355 9800 34ea 03ae 081d

e191 57d8 ab30 0069 d407 5c10

3bc3 22af b03e 7be6 d3a8 0eb8

2077 8645 5f60 7cf7 cd56 6000

7040 ef0c 8abe c0f9 0000 0000

9d40 75c1 03bc 322a fb03 e7be

53d6 8a3f fc44 82fe 0000 0000

c76a 7df9 fffa ca12 fb03 e7be

d9d5 f2c6 9a00 bd69 55f6 07cf

d5e2 ffe6 5534 8faa c8ab ec0f

1eab 6800 0cab f0d4 d704 0ef0

6cd9 54d0 a828 5a36 03ae 081d

a502 4fc2 dd51 1939 d407 5c10

7ce8 a0a0 79bb d2e5 d3a8 0eb8

0ad3 10f4 7542 0108 cd56 6000

7ce8 a0a0 79bb d2e5 d3a8 0eb8

a502 4fc2 dd51 1939 d407 5c10

6cd9 54d0 a828 5a36 03ae 081d

1eab 6800 0cab f0d4 d704 0ef0

d5e2 ffe6 5534 8faa c8ab ec0f

d9d5 f2c6 9a00 bd69 55f6 07cf

c76a 7df9 fffa ca12 fb03 e7be

53d6 8a3f fc44 82fe 0000 0000

a502 4fc2 dd51 1939 d407 5c10

6cd9 54d0 a828 5a36 03ae 081d

1eab 6800 0cab f0d4 d704 0ef0

d5e2 ffe6 5534 8faa c8ab ec0f

d9d5 f2c6 9a00 bd69 55f6 07cf

c76a 7df9 fffa ca12 fb03 e7be

53d6 8a3f fc44 82fe 0000 0000

6cd9 54d0 a828 5a36 03ae 081d

1eab 6800 0cab f0d4 d704 0ef0

d5e2 ffe6 5534 8faa c8ab ec0f

d9d5 f2c6 9a00 bd69 55f6 07cf

c76a 7df9 fffa ca12 fb03 e7be

53d6 8a3f fc44 82fe 0000 0000

1eab 6800 0cab f0d4 d704 0ef0

d5e2 ffe6 5534 8faa c8ab ec0f

d9d5 f2c6 9a00 bd69 55f6 07cf

c76a 7df9 fffa ca12 fb03 e7be

53d6 8a3f fc44 82fe 0000 0000

d5e2 ffe6 5534 8faa c8ab ec0f

d9d5 f2c6 9a00 bd69 55f6 07cf

c76a 7df9 fffa ca12 fb03 e7be

53d6 8a3f fc44 82fe 0000 0000

d9d5 f2c6 9a00 bd69 55f6 07cf

c76a 7df9 fffa ca12 fb03 e7be

53d6 8a3f fc44 82fe 0000 0000

c76a 7df9 fffa ca12 fb03 e7be

53d6 8a3f fc44 82fe 0000 0000

53d6 8a3f fc44 82fe 0000 0000

